生成启动时间为 2014/5/20 9:56:34。
     1>项目“F:\delusoft\trunk\qtverify\qtVerify\qtVerify.vcxproj”在节点 2 上(rebuild 个目标)。
     1>InitializeBuildStatus:
         正在创建“..\RUNHOME\tmp\qtVerify\obj\qtVerify.unsuccessfulbuild”，因为已指定“AlwaysCreate”。
       CustomBuild:
         MOC include\dbshow.h
         MOC include\qextserialbase.h
         MOC include\qextserialport.h
         MOC include\qtverify.h
         MOC include\serialportset.h
         MOC include\win_qextserialport.h
         UIC ui\dbshow.ui
         UIC ui\qtverify.ui
         UIC ui\serialportset.ui
         RCC qtverify.qrc
     1>RCC : warning : No resources in 'qtverify.qrc'.
         
       ClCompile:
         C:\Program Files (x86)\Microsoft Visual Studio 10.0\VC\bin\CL.exe /c /Ic:\Qt\4.8.5\include\QtCore /Ic:\Qt\4.8.5\include\QtGui /Ic:\Qt\4.8.5\include\QtSql /Ic:\Qt\4.8.5\include /Iinclude /I..\alg /Ic:\Qt\4.8.5\include\ActiveQt /I..\RUNHOME\tmp\qtVerify\moc /I..\RUNHOME\tmp\qtVerify\ui /I"c:\Qt\4.8.5\mkspecs\win32-msvc2010" /Zi /nologo /W3 /WX- /Od /Oy- /D _CONSOLE /D UNICODE /D WIN32 /D WIN32 /D _AFXDLL /D QT_DLL /D QT_SQL_LIB /D QT_GUI_LIB /D QT_CORE_LIB /D QT_HAVE_MMX /D QT_HAVE_3DNOW /D QT_HAVE_SSE /D QT_HAVE_MMXEXT /D QT_HAVE_SSE2 /D QT_THREAD_SUPPORT /Gm- /EHsc /MDd /GS /fp:precise /Zc:wchar_t- /Zc:forScope /GR /Fo"..\RUNHOME\tmp\qtVerify\obj\\" /Fd".\vc100.pdb" /Gd /TP /analyze- /errorReport:prompt source\dbshow.cpp source\main.cpp source\qextserialbase.cpp source\qextserialport.cpp source\qtverify.cpp source\serialportset.cpp source\win_qextserialport.cpp ..\RUNHOME\tmp\qtVerify\moc\moc_dbshow.cpp ..\RUNHOME\tmp\qtVerify\moc\moc_qextserialbase.cpp ..\RUNHOME\tmp\qtVerify\moc\moc_qextserialport.cpp ..\RUNHOME\tmp\qtVerify\moc\moc_qtverify.cpp ..\RUNHOME\tmp\qtVerify\moc\moc_serialportset.cpp ..\RUNHOME\tmp\qtVerify\moc\moc_win_qextserialport.cpp debug\qrc_qtverify.cpp -Zm200 -w34100 -w34189 
         dbshow.cpp
         main.cpp
     1>source\main.cpp(15): warning C4996: 'getenv': This function or variable may be unsafe. Consider using _dupenv_s instead. To disable deprecation, use _CRT_SECURE_NO_WARNINGS. See online help for details.
                 C:\Program Files (x86)\Microsoft Visual Studio 10.0\VC\include\stdlib.h(433) : 参见“getenv”的声明
         qextserialbase.cpp
         qextserialport.cpp
         qtverify.cpp
     1>source\qtverify.cpp(43): warning C4305: “参数”: 从“double”到“float”截断
         serialportset.cpp
         win_qextserialport.cpp
     1>source\win_qextserialport.cpp(431): warning C4100: “c”: 未引用的形参
     1>source\win_qextserialport.cpp(948): warning C4100: “msecs”: 未引用的形参
         moc_dbshow.cpp
         moc_qextserialbase.cpp
         moc_qextserialport.cpp
         moc_qtverify.cpp
         moc_serialportset.cpp
         moc_win_qextserialport.cpp
         qrc_qtverify.cpp
         正在生成代码...
       Link:
         C:\Program Files (x86)\Microsoft Visual Studio 10.0\VC\bin\link.exe /ERRORREPORT:PROMPT /OUT:"..\RUNHOME\tmp\qtVerify\obj\\qtVerify.exe" /NOLOGO /LIBPATH:f:\delusoft\trunk\qtverify\RUNHOME\lib /LIBPATH:f:\delusoft\trunk\qtverify\RUNHOME\bin /LIBPATH:c:\Qt\4.8.5\lib f:\delusoft\trunk\qtverify\RUNHOME\lib\alg.lib c:\Qt\4.8.5\lib\qaxserver.lib c:\Qt\4.8.5\lib\qaxcontainerd.lib c:\Qt\4.8.5\lib\QtSqld4.lib c:\Qt\4.8.5\lib\QtGuid4.lib c:\Qt\4.8.5\lib\QtCored4.lib user32.lib ole32.lib oleaut32.lib gdi32.lib C:\Qt\4.8.5\lib\QtGui4.lib C:\Qt\4.8.5\lib\QtCore4.lib advapi32.lib C:\Qt\4.8.5\lib\QtGuid4.lib C:\Qt\4.8.5\lib\QtCored4.lib kernel32.lib user32.lib gdi32.lib winspool.lib comdlg32.lib advapi32.lib shell32.lib ole32.lib oleaut32.lib uuid.lib odbc32.lib odbccp32.lib /MANIFEST /ManifestFile:"..\RUNHOME\tmp\qtVerify\obj\qtVerify.exe.intermediate.manifest" /MANIFESTUAC:"level='asInvoker' uiAccess='false'" /DEBUG /PDB:"F:\delusoft\trunk\qtverify\RUNHOME\tmp\qtVerify\obj\qtVerify.pdb" /SUBSYSTEM:CONSOLE /TLBID:1 /DYNAMICBASE /NXCOMPAT /MACHINE:X86 ..\RUNHOME\tmp\qtVerify\obj\dbshow.obj
         ..\RUNHOME\tmp\qtVerify\obj\main.obj
         ..\RUNHOME\tmp\qtVerify\obj\qextserialbase.obj
         ..\RUNHOME\tmp\qtVerify\obj\qextserialport.obj
         ..\RUNHOME\tmp\qtVerify\obj\qtverify.obj
         ..\RUNHOME\tmp\qtVerify\obj\serialportset.obj
         ..\RUNHOME\tmp\qtVerify\obj\win_qextserialport.obj
         ..\RUNHOME\tmp\qtVerify\obj\moc_dbshow.obj
         ..\RUNHOME\tmp\qtVerify\obj\moc_qextserialbase.obj
         ..\RUNHOME\tmp\qtVerify\obj\moc_qextserialport.obj
         ..\RUNHOME\tmp\qtVerify\obj\moc_qtverify.obj
         ..\RUNHOME\tmp\qtVerify\obj\moc_serialportset.obj
         ..\RUNHOME\tmp\qtVerify\obj\moc_win_qextserialport.obj
         ..\RUNHOME\tmp\qtVerify\obj\qrc_qtverify.obj "/MANIFESTDEPENDENCY:type='win32' name='Microsoft.Windows.Common-Controls' version='6.0.0.0' publicKeyToken='6595b64144ccf1df' language='*' processorArchitecture='*'" 
            正在创建库 ..\RUNHOME\tmp\qtVerify\obj\\qtVerify.lib 和对象 ..\RUNHOME\tmp\qtVerify\obj\\qtVerify.exp
     1>qaxcontainerd.lib(qaxbase.obj) : warning LNK4099: 未找到 PDB“vc100.pdb”(使用“qaxcontainerd.lib(qaxbase.obj)”或在“F:\delusoft\trunk\qtverify\RUNHOME\tmp\qtVerify\obj\vc100.pdb”中寻找)；正在链接对象，如同没有调试信息一样
     1>qaxcontainerd.lib(qaxobject.obj) : warning LNK4099: 未找到 PDB“vc100.pdb”(使用“qaxcontainerd.lib(qaxobject.obj)”或在“F:\delusoft\trunk\qtverify\RUNHOME\tmp\qtVerify\obj\vc100.pdb”中寻找)；正在链接对象，如同没有调试信息一样
     1>qaxcontainerd.lib(qaxtypes.obj) : warning LNK4099: 未找到 PDB“vc100.pdb”(使用“qaxcontainerd.lib(qaxtypes.obj)”或在“F:\delusoft\trunk\qtverify\RUNHOME\tmp\qtVerify\obj\vc100.pdb”中寻找)；正在链接对象，如同没有调试信息一样
         qtVerify.vcxproj -> F:\delusoft\trunk\qtverify\qtVerify\..\RUNHOME\tmp\qtVerify\obj\qtVerify.exe
       Manifest:
         C:\Program Files (x86)\Microsoft SDKs\Windows\v7.0A\bin\mt.exe /nologo /verbose /outputresource:"..\RUNHOME\tmp\qtVerify\obj\\qtVerify.exe;#1" /manifest ..\RUNHOME\tmp\qtVerify\obj\qtVerify.exe.intermediate.manifest
       PostBuildEvent:
         Description: copy F:\delusoft\trunk\qtverify\RUNHOME\tmp\qtVerify\obj\qtVerify.exe F:\delusoft\trunk\qtverify\RUNHOME\bin & copy .\language\qtVerify_zh.qm F:\delusoft\trunk\qtverify\RUNHOME\uif\i18n
         copy F:\delusoft\trunk\qtverify\RUNHOME\tmp\qtVerify\obj\qtVerify.exe F:\delusoft\trunk\qtverify\RUNHOME\bin & copy .\language\qtVerify_zh.qm F:\delusoft\trunk\qtverify\RUNHOME\uif\i18n
         :VCEnd
         已复制         1 个文件。
         已复制         1 个文件。
       FinalizeBuildStatus:
         正在删除文件“..\RUNHOME\tmp\qtVerify\obj\qtVerify.unsuccessfulbuild”。
         正在对“..\RUNHOME\tmp\qtVerify\obj\qtVerify.lastbuildstate”执行 Touch 任务。
     1>已完成生成项目“F:\delusoft\trunk\qtverify\qtVerify\qtVerify.vcxproj”(rebuild 个目标)的操作。

生成成功。

已用时间 00:00:10.05
