生成启动时间为 2014/5/20 9:56:30。
     1>项目“F:\delusoft\trunk\qtverify\alg\alg.vcxproj”在节点 2 上(rebuild 个目标)。
     1>_PrepareForClean:
         正在删除文件“debug\alg.lastbuildstate”。
       InitializeBuildStatus:
         正在对“debug\alg.unsuccessfulbuild”执行 Touch 任务。
       ClCompile:
         C:\Program Files (x86)\Microsoft Visual Studio 10.0\VC\bin\CL.exe /c /Ic:\Qt\4.8.5\include\QtCore /Ic:\Qt\4.8.5\include\QtGui /Ic:\Qt\4.8.5\include /I. /Ic:\Qt\4.8.5\include\ActiveQt /Idebug /I"c:\Qt\4.8.5\mkspecs\win32-msvc2010" /Zi /nologo /W3 /WX- /Od /Oy- /D _CONSOLE /D UNICODE /D WIN32 /D WIN32 /D _AFXDLL /D QT_DLL /D QT_GUI_LIB /D QT_CORE_LIB /D QT_HAVE_MMX /D QT_HAVE_3DNOW /D QT_HAVE_SSE /D QT_HAVE_MMXEXT /D QT_HAVE_SSE2 /D QT_THREAD_SUPPORT /D _WINDLL /Gm- /EHsc /MDd /GS /fp:precise /Zc:wchar_t- /Zc:forScope /GR /Fo"debug\\" /Fd".\vc100.pdb" /Gd /TP /analyze- /errorReport:prompt alg.cpp -Zm200 -w34100 -w34189 
         alg.cpp
       Link:
         C:\Program Files (x86)\Microsoft Visual Studio 10.0\VC\bin\link.exe /ERRORREPORT:PROMPT /OUT:"..\RUNHOME\tmp\alg\obj\\alg.dll" /NOLOGO /LIBPATH:.\ /LIBPATH:F:\delusoft\trunk\qtverify\RUNHOME\lib /LIBPATH:F:\delusoft\trunk\qtverify\RUNHOME\bin /LIBPATH:c:\Qt\4.8.5\lib c:\Qt\4.8.5\lib\QtGuid4.lib c:\Qt\4.8.5\lib\QtCored4.lib kernel32.lib user32.lib gdi32.lib winspool.lib comdlg32.lib advapi32.lib shell32.lib ole32.lib oleaut32.lib uuid.lib odbc32.lib odbccp32.lib /MANIFEST /ManifestFile:"debug\alg.dll.intermediate.manifest" /MANIFESTUAC:"level='asInvoker' uiAccess='false'" /DEBUG /PDB:"F:\delusoft\trunk\qtverify\RUNHOME\tmp\alg\obj\alg.pdb" /TLBID:1 /DYNAMICBASE /NXCOMPAT /MACHINE:X86 /DLL debug\alg.obj
            正在创建库 ..\RUNHOME\tmp\alg\obj\\alg.lib 和对象 ..\RUNHOME\tmp\alg\obj\\alg.exp
         alg.vcxproj -> F:\delusoft\trunk\qtverify\alg\..\RUNHOME\tmp\alg\obj\alg.dll
       Manifest:
         C:\Program Files (x86)\Microsoft SDKs\Windows\v7.0A\bin\mt.exe /nologo /verbose /outputresource:"..\RUNHOME\tmp\alg\obj\\alg.dll;#2" /manifest debug\alg.dll.intermediate.manifest
       PostBuildEvent:
         Description: copy F:\delusoft\trunk\qtverify\RUNHOME\tmp\alg\obj\alg.lib F:\delusoft\trunk\qtverify\RUNHOME\lib & copy F:\delusoft\trunk\qtverify\RUNHOME\tmp\alg\obj\alg.dll F:\delusoft\trunk\qtverify\RUNHOME\dll
         copy F:\delusoft\trunk\qtverify\RUNHOME\tmp\alg\obj\alg.lib F:\delusoft\trunk\qtverify\RUNHOME\lib & copy F:\delusoft\trunk\qtverify\RUNHOME\tmp\alg\obj\alg.dll F:\delusoft\trunk\qtverify\RUNHOME\dll
         :VCEnd
         已复制         1 个文件。
         已复制         1 个文件。
       FinalizeBuildStatus:
         正在删除文件“debug\alg.unsuccessfulbuild”。
         正在对“debug\alg.lastbuildstate”执行 Touch 任务。
     1>已完成生成项目“F:\delusoft\trunk\qtverify\alg\alg.vcxproj”(rebuild 个目标)的操作。

生成成功。

已用时间 00:00:00.82
