..\RUNHOME\tmp\alg\obj\alg.ilk
..\RUNHOME\tmp\alg\obj\alg.pdb
F:\delusoft\trunk\qtverify\alg\..\RUNHOME\tmp\alg\obj\alg.dll
F:\DELUSOFT\TRUNK\QTVERIFY\ALG\DEBUG\ALG.DLL.INTERMEDIATE.MANIFEST
F:\DELUSOFT\TRUNK\QTVERIFY\ALG\DEBUG\ALG.OBJ
F:\delusoft\trunk\qtverify\alg\debug\alg.vcxprojResolveAssemblyReference.cache
F:\delusoft\trunk\qtverify\alg\debug\alg.write.1.tlog
F:\delusoft\trunk\qtverify\alg\debug\cl.command.1.tlog
F:\delusoft\trunk\qtverify\alg\debug\CL.read.1.tlog
F:\delusoft\trunk\qtverify\alg\debug\CL.write.1.tlog
F:\delusoft\trunk\qtverify\alg\debug\link.command.1.tlog
F:\delusoft\trunk\qtverify\alg\debug\link.read.1.tlog
F:\delusoft\trunk\qtverify\alg\debug\link.write.1.tlog
F:\delusoft\trunk\qtverify\alg\debug\mt.command.1.tlog
F:\delusoft\trunk\qtverify\alg\debug\mt.read.1.tlog
F:\delusoft\trunk\qtverify\alg\debug\mt.write.1.tlog
F:\DELUSOFT\TRUNK\QTVERIFY\ALG\VC100.PDB
F:\DELUSOFT\TRUNK\QTVERIFY\RUNHOME\TMP\ALG\OBJ\ALG.DLL
F:\delusoft\trunk\qtverify\RUNHOME\tmp\alg\obj\alg.exp
F:\DELUSOFT\TRUNK\QTVERIFY\RUNHOME\TMP\ALG\OBJ\ALG.ILK
F:\delusoft\trunk\qtverify\RUNHOME\tmp\alg\obj\alg.lib
F:\DELUSOFT\TRUNK\QTVERIFY\RUNHOME\TMP\ALG\OBJ\ALG.PDB
